<!DOCTYPE html PUBLIC "-//W3C//DTD XHTML 1.1//EN" "http://www.w3.org/TR/xhtml11/DTD/xhtml11.dtd">
<html xmlns="http://www.w3.org/1999/xhtml"><head><title>TestNG Report</title><style type="text/css">table {margin-bottom:10px;border-collapse:collapse;empty-cells:show}th,td {border:1px solid #009;padding:.25em .5em}th {vertical-align:bottom}td {vertical-align:top}table a {font-weight:bold}.stripe td {background-color: #E6EBF9}.num {text-align:right}.passedodd td {background-color: #3F3}.passedeven td {background-color: #0A0}.skippedodd td {background-color: #DDD}.skippedeven td {background-color: #CCC}.failedodd td,.attn {background-color: #F33}.failedeven td,.stripe .attn {background-color: #D00}.stacktrace {white-space:pre;font-family:monospace}.totop {font-size:85%;text-align:center;border-bottom:2px solid #000}</style></head><body><table><tr><th>Test</th><th># Passed</th><th># Skipped</th><th># Failed</th><th>Time (ms)</th><th>Included Groups</th><th>Excluded Groups</th></tr><tr><th colspan="7">Automation</th></tr><tr><td><a href="#t0">Login</a></td><td class="num">25</td><td class="num">0</td><td class="num attn">4</td><td class="num">196,012</td><td></td><td></td></tr></table><table><thead><tr><th>Class</th><th>Method</th><th>Start</th><th>Time (ms)</th></tr></thead><tbody><tr><th colspan="4">Automation</th></tr></tbody><tbody id="t0"><tr><th colspan="4">Login &#8212; failed</th></tr><tr class="failedeven"><td rowspan="1">SalesForce.Test.ContactsTest</td><td><a href="#m0">createNewContantsValidation</a></td><td rowspan="1">1748546630720</td><td rowspan="1">15013</td></tr><tr class="failedodd"><td rowspan="1">SalesForce.Test.CreateAccountTest</td><td><a href="#m1">newAccountCreate</a></td><td rowspan="1">1748546603017</td><td rowspan="1">4289</td></tr><tr class="failedeven"><td rowspan="1">SalesForce.Test.CreateOpyTest</td><td><a href="#m2">newOpportunityCreation</a></td><td rowspan="1">1748546566485</td><td rowspan="1">4380</td></tr><tr class="failedodd"><td rowspan="1">SalesForce.Test.LeadsTest</td><td><a href="#m3">leadsNewButton</a></td><td rowspan="1">1748546553880</td><td rowspan="1">4767</td></tr><tr><th colspan="4">Login &#8212; passed</th></tr><tr class="passedeven"><td rowspan="7">SalesForce.Test.ContactsTest</td><td><a href="#m4">ViewErrorMessage</a></td><td rowspan="1">1748546618204</td><td rowspan="1">3440</td></tr><tr class="passedeven"><td><a href="#m5">cancelButtonViewPage</a></td><td rowspan="1">1748546624075</td><td rowspan="1">4371</td></tr><tr class="passedeven"><td><a href="#m6">createNewViewContact</a></td><td rowspan="1">1748546648007</td><td rowspan="1">5376</td></tr><tr class="passedeven"><td><a href="#m7">myContactlink</a></td><td rowspan="1">1748546655778</td><td rowspan="1">3850</td></tr><tr class="passedeven"><td><a href="#m8">recentContactDisplay</a></td><td rowspan="1">1748546661906</td><td rowspan="1">2667</td></tr><tr class="passedeven"><td><a href="#m9">saveAndNewClick</a></td><td rowspan="1">1748546666899</td><td rowspan="1">3666</td></tr><tr class="passedeven"><td><a href="#m10">viewContactPage</a></td><td rowspan="1">1748546672829</td><td rowspan="1">3960</td></tr><tr class="passedodd"><td rowspan="1">SalesForce.Test.CreateAccountTest</td><td><a href="#m11">newAccountView</a></td><td rowspan="1">1748546610835</td><td rowspan="1">5074</td></tr><tr class="passedeven"><td rowspan="4">SalesForce.Test.CreateOpyTest</td><td><a href="#m12">opportunityDropDownList</a></td><td rowspan="1">1748546573177</td><td rowspan="1">3171</td></tr><tr class="passedeven"><td><a href="#m13">pipelineReportValidation</a></td><td rowspan="1">1748546578697</td><td rowspan="1">3841</td></tr><tr class="passedeven"><td><a href="#m14">quartlySummaryReportValidation</a></td><td rowspan="1">1748546589921</td><td rowspan="1">4228</td></tr><tr class="passedeven"><td><a href="#m15">stuckReportValidation</a></td><td rowspan="1">1748546596401</td><td rowspan="1">4258</td></tr><tr class="passedodd"><td rowspan="4">SalesForce.Test.LeadsTest</td><td><a href="#m16">clickOnLeadsHomePage</a></td><td rowspan="1">1748546533029</td><td rowspan="1">3112</td></tr><tr class="passedodd"><td><a href="#m17">leadsDropDownOptions</a></td><td rowspan="1">1748546538574</td><td rowspan="1">3115</td></tr><tr class="passedodd"><td><a href="#m18">leadsGoButton</a></td><td rowspan="1">1748546544226</td><td rowspan="1">7274</td></tr><tr class="passedodd"><td><a href="#m19">leadsSelectedOptionVisible</a></td><td rowspan="1">1748546560921</td><td rowspan="1">3363</td></tr><tr class="passedeven"><td rowspan="5">SalesForce.Test.LoginTest</td><td><a href="#m20">forgotPassword</a></td><td rowspan="1">1748546499880</td><td rowspan="1">958</td></tr><tr class="passedeven"><td><a href="#m21">loginWithErrorMessage</a></td><td rowspan="1">1748546484835</td><td rowspan="1">843</td></tr><tr class="passedeven"><td><a href="#m22">loginWithInvalidDetails</a></td><td rowspan="1">1748546503230</td><td rowspan="1">597</td></tr><tr class="passedeven"><td><a href="#m23">loginWithValidDetails</a></td><td rowspan="1">1748546488467</td><td rowspan="1">2487</td></tr><tr class="passedeven"><td><a href="#m24">rememberMeLogin</a></td><td rowspan="1">1748546493604</td><td rowspan="1">3721</td></tr><tr class="passedodd"><td rowspan="4">SalesForce.Test.UserMenuTest</td><td><a href="#m25">logoutSalesForce</a></td><td rowspan="1">1748546527127</td><td rowspan="1">3597</td></tr><tr class="passedodd"><td><a href="#m26">myConsoleDeveloperWindow</a></td><td rowspan="1">1748546521475</td><td rowspan="1">3127</td></tr><tr class="passedodd"><td><a href="#m27">mySettingOption</a></td><td rowspan="1">1748546511057</td><td rowspan="1">8143</td></tr><tr class="passedodd"><td><a href="#m28">userDropDownList</a></td><td rowspan="1">1748546506081</td><td rowspan="1">2510</td></tr></tbody></table><h2>Login</h2><h3 id="m0">SalesForce.Test.ContactsTest#createNewContantsValidation</h3><table class="result"><tr><th>Exception</th></tr><tr><td><div class="stacktrace">org.openqa.selenium.TimeoutException: Expected condition failed: waiting for visibility of Proxy element for: DefaultElementLocator &apos;By.xpath: //h1[@class=&apos;pageType&apos;]&apos; (tried for 10 second(s) with 500 milliseconds interval)
	at org.openqa.selenium.support.ui.WebDriverWait.timeoutException(WebDriverWait.java:95)
	at org.openqa.selenium.support.ui.FluentWait.until(FluentWait.java:272)
	at SalesForce.Base.Basepage.mywait(Basepage.java:22)
	at SalesForce.Pages.ContactsPage.createNewContact(ContactsPage.java:89)
	at SalesForce.Test.ContactsTest.createNewContantsValidation(ContactsTest.java:42)
Caused by: org.openqa.selenium.NoSuchElementException: no such element: Unable to locate element: {&quot;method&quot;:&quot;xpath&quot;,&quot;selector&quot;:&quot;//h1[@class=&apos;pageType&apos;]&quot;}
  (Session info: chrome=136.0.7103.114)
For documentation on this error, please visit: https://www.seleniumhq.org/exceptions/no_such_element.html
Build info: version: &apos;3.141.59&apos;, revision: &apos;e82be7d358&apos;, time: &apos;2018-11-14T08:17:03&apos;
System info: host: &apos;Amritas-MacBook-Pro.local&apos;, ip: &apos;fe80:0:0:0:1ccc:56e7:8eac:9eef%en0&apos;, os.name: &apos;Mac OS X&apos;, os.arch: &apos;x86_64&apos;, os.version: &apos;14.6.1&apos;, java.version: &apos;23.0.2&apos;
Driver info: org.openqa.selenium.chrome.ChromeDriver
Capabilities {acceptInsecureCerts: false, browserName: chrome, browserVersion: 136.0.7103.114, chrome: {chromedriverVersion: 136.0.7103.113 (76fa3c17824..., userDataDir: /var/folders/7j/slv5_ry920s...}, fedcm:accounts: true, goog:chromeOptions: {debuggerAddress: localhost:60441}, javascriptEnabled: true, networkConnectionEnabled: false, pageLoadStrategy: normal, platform: MAC, platformName: MAC, proxy: Proxy(), setWindowRect: true, strictFileInteractability: false, timeouts: {implicit: 0, pageLoad: 300000, script: 30000}, unhandledPromptBehavior: dismiss and notify, webauthn:extension:credBlob: true, webauthn:extension:largeBlob: true, webauthn:extension:minPinLength: true, webauthn:extension:prf: true, webauthn:virtualAuthenticators: true}
Session ID: 41611d2cde1cfd3c8e7235d655cfa9f7
*** Element info: {Using=xpath, value=//h1[@class=&apos;pageType&apos;]}
	at org.openqa.selenium.remote.http.W3CHttpResponseCodec.createException(W3CHttpResponseCodec.java:187)
	at org.openqa.selenium.remote.http.W3CHttpResponseCodec.decode(W3CHttpResponseCodec.java:122)
	at org.openqa.selenium.remote.http.W3CHttpResponseCodec.decode(W3CHttpResponseCodec.java:49)
	at org.openqa.selenium.remote.HttpCommandExecutor.execute(HttpCommandExecutor.java:158)
	at org.openqa.selenium.remote.service.DriverCommandExecutor.execute(DriverCommandExecutor.java:83)
	at org.openqa.selenium.remote.RemoteWebDriver.execute(RemoteWebDriver.java:552)
	at org.openqa.selenium.remote.RemoteWebDriver.findElement(RemoteWebDriver.java:323)
	at org.openqa.selenium.remote.RemoteWebDriver.findElementByXPath(RemoteWebDriver.java:428)
	at org.openqa.selenium.By$ByXPath.findElement(By.java:353)
	at org.openqa.selenium.remote.RemoteWebDriver.findElement(RemoteWebDriver.java:315)
	at org.openqa.selenium.support.pagefactory.DefaultElementLocator.findElement(DefaultElementLocator.java:69)
	at org.openqa.selenium.support.pagefactory.internal.LocatingElementHandler.invoke(LocatingElementHandler.java:38)
	at jdk.proxy2/jdk.proxy2.$Proxy9.isDisplayed(Unknown Source)
	at org.openqa.selenium.support.ui.ExpectedConditions.elementIfVisible(ExpectedConditions.java:314)
	at org.openqa.selenium.support.ui.ExpectedConditions.access$000(ExpectedConditions.java:43)
	at org.openqa.selenium.support.ui.ExpectedConditions$10.apply(ExpectedConditions.java:300)
	at org.openqa.selenium.support.ui.ExpectedConditions$10.apply(ExpectedConditions.java:297)
	at org.openqa.selenium.support.ui.FluentWait.until(FluentWait.java:249)
	... 29 more
... Removed 29 stack frames</div></td></tr></table><p class="totop"><a href="#summary">back to summary</a></p><h3 id="m1">SalesForce.Test.CreateAccountTest#newAccountCreate</h3><table class="result"><tr><th>Exception</th></tr><tr><td><div class="stacktrace">org.openqa.selenium.NoSuchElementException: no such element: Unable to locate element: {&quot;method&quot;:&quot;xpath&quot;,&quot;selector&quot;:&quot;//h1[@class=&apos;pageType&apos;]&quot;}
  (Session info: chrome=136.0.7103.114)
For documentation on this error, please visit: https://www.seleniumhq.org/exceptions/no_such_element.html
Build info: version: &apos;3.141.59&apos;, revision: &apos;e82be7d358&apos;, time: &apos;2018-11-14T08:17:03&apos;
System info: host: &apos;Amritas-MacBook-Pro.local&apos;, ip: &apos;fe80:0:0:0:1ccc:56e7:8eac:9eef%en0&apos;, os.name: &apos;Mac OS X&apos;, os.arch: &apos;x86_64&apos;, os.version: &apos;14.6.1&apos;, java.version: &apos;23.0.2&apos;
Driver info: org.openqa.selenium.chrome.ChromeDriver
Capabilities {acceptInsecureCerts: false, browserName: chrome, browserVersion: 136.0.7103.114, chrome: {chromedriverVersion: 136.0.7103.113 (76fa3c17824..., userDataDir: /var/folders/7j/slv5_ry920s...}, fedcm:accounts: true, goog:chromeOptions: {debuggerAddress: localhost:60264}, javascriptEnabled: true, networkConnectionEnabled: false, pageLoadStrategy: normal, platform: MAC, platformName: MAC, proxy: Proxy(), setWindowRect: true, strictFileInteractability: false, timeouts: {implicit: 0, pageLoad: 300000, script: 30000}, unhandledPromptBehavior: dismiss and notify, webauthn:extension:credBlob: true, webauthn:extension:largeBlob: true, webauthn:extension:minPinLength: true, webauthn:extension:prf: true, webauthn:virtualAuthenticators: true}
Session ID: d4896eba0e047512f25771f4b8fb94a4
*** Element info: {Using=xpath, value=//h1[@class=&apos;pageType&apos;]}
	at org.openqa.selenium.remote.http.W3CHttpResponseCodec.createException(W3CHttpResponseCodec.java:187)
	at org.openqa.selenium.remote.http.W3CHttpResponseCodec.decode(W3CHttpResponseCodec.java:122)
	at org.openqa.selenium.remote.http.W3CHttpResponseCodec.decode(W3CHttpResponseCodec.java:49)
	at org.openqa.selenium.remote.HttpCommandExecutor.execute(HttpCommandExecutor.java:158)
	at org.openqa.selenium.remote.service.DriverCommandExecutor.execute(DriverCommandExecutor.java:83)
	at org.openqa.selenium.remote.RemoteWebDriver.execute(RemoteWebDriver.java:552)
	at org.openqa.selenium.remote.RemoteWebDriver.findElement(RemoteWebDriver.java:323)
	at org.openqa.selenium.remote.RemoteWebDriver.findElementByXPath(RemoteWebDriver.java:428)
	at org.openqa.selenium.By$ByXPath.findElement(By.java:353)
	at org.openqa.selenium.remote.RemoteWebDriver.findElement(RemoteWebDriver.java:315)
	at org.openqa.selenium.support.pagefactory.DefaultElementLocator.findElement(DefaultElementLocator.java:69)
	at org.openqa.selenium.support.pagefactory.internal.LocatingElementHandler.invoke(LocatingElementHandler.java:38)
	at jdk.proxy2/jdk.proxy2.$Proxy9.isDisplayed(Unknown Source)
	at SalesForce.Pages.CreateAccountPage.newAccountValidation(CreateAccountPage.java:68)
	at SalesForce.Test.CreateAccountTest.newAccountCreate(CreateAccountTest.java:40)
... Removed 29 stack frames</div></td></tr></table><p class="totop"><a href="#summary">back to summary</a></p><h3 id="m2">SalesForce.Test.CreateOpyTest#newOpportunityCreation</h3><table class="result"><tr><th>Exception</th></tr><tr><td><div class="stacktrace">org.openqa.selenium.NoSuchElementException: no such element: Unable to locate element: {&quot;method&quot;:&quot;xpath&quot;,&quot;selector&quot;:&quot;//h1[@class=&apos;pageType&apos;]&quot;}
  (Session info: chrome=136.0.7103.114)
For documentation on this error, please visit: https://www.seleniumhq.org/exceptions/no_such_element.html
Build info: version: &apos;3.141.59&apos;, revision: &apos;e82be7d358&apos;, time: &apos;2018-11-14T08:17:03&apos;
System info: host: &apos;Amritas-MacBook-Pro.local&apos;, ip: &apos;fe80:0:0:0:1ccc:56e7:8eac:9eef%en0&apos;, os.name: &apos;Mac OS X&apos;, os.arch: &apos;x86_64&apos;, os.version: &apos;14.6.1&apos;, java.version: &apos;23.0.2&apos;
Driver info: org.openqa.selenium.chrome.ChromeDriver
Capabilities {acceptInsecureCerts: false, browserName: chrome, browserVersion: 136.0.7103.114, chrome: {chromedriverVersion: 136.0.7103.113 (76fa3c17824..., userDataDir: /var/folders/7j/slv5_ry920s...}, fedcm:accounts: true, goog:chromeOptions: {debuggerAddress: localhost:60052}, javascriptEnabled: true, networkConnectionEnabled: false, pageLoadStrategy: normal, platform: MAC, platformName: MAC, proxy: Proxy(), setWindowRect: true, strictFileInteractability: false, timeouts: {implicit: 0, pageLoad: 300000, script: 30000}, unhandledPromptBehavior: dismiss and notify, webauthn:extension:credBlob: true, webauthn:extension:largeBlob: true, webauthn:extension:minPinLength: true, webauthn:extension:prf: true, webauthn:virtualAuthenticators: true}
Session ID: 189a073fd52a4f3948dbc1be71ddb128
*** Element info: {Using=xpath, value=//h1[@class=&apos;pageType&apos;]}
	at org.openqa.selenium.remote.http.W3CHttpResponseCodec.createException(W3CHttpResponseCodec.java:187)
	at org.openqa.selenium.remote.http.W3CHttpResponseCodec.decode(W3CHttpResponseCodec.java:122)
	at org.openqa.selenium.remote.http.W3CHttpResponseCodec.decode(W3CHttpResponseCodec.java:49)
	at org.openqa.selenium.remote.HttpCommandExecutor.execute(HttpCommandExecutor.java:158)
	at org.openqa.selenium.remote.service.DriverCommandExecutor.execute(DriverCommandExecutor.java:83)
	at org.openqa.selenium.remote.RemoteWebDriver.execute(RemoteWebDriver.java:552)
	at org.openqa.selenium.remote.RemoteWebDriver.findElement(RemoteWebDriver.java:323)
	at org.openqa.selenium.remote.RemoteWebDriver.findElementByXPath(RemoteWebDriver.java:428)
	at org.openqa.selenium.By$ByXPath.findElement(By.java:353)
	at org.openqa.selenium.remote.RemoteWebDriver.findElement(RemoteWebDriver.java:315)
	at org.openqa.selenium.support.pagefactory.DefaultElementLocator.findElement(DefaultElementLocator.java:69)
	at org.openqa.selenium.support.pagefactory.internal.LocatingElementHandler.invoke(LocatingElementHandler.java:38)
	at jdk.proxy2/jdk.proxy2.$Proxy9.getText(Unknown Source)
	at SalesForce.Pages.CreateOpyPage.Heading(CreateOpyPage.java:106)
	at SalesForce.Test.CreateOpyTest.newOpportunityCreation(CreateOpyTest.java:61)
... Removed 29 stack frames</div></td></tr></table><p class="totop"><a href="#summary">back to summary</a></p><h3 id="m3">SalesForce.Test.LeadsTest#leadsNewButton</h3><table class="result"><tr><th>Exception</th></tr><tr><td><div class="stacktrace">org.openqa.selenium.NoSuchElementException: no such element: Unable to locate element: {&quot;method&quot;:&quot;xpath&quot;,&quot;selector&quot;:&quot;//h1[@class=&apos;pageType&apos;]&quot;}
  (Session info: chrome=136.0.7103.114)
For documentation on this error, please visit: https://www.seleniumhq.org/exceptions/no_such_element.html
Build info: version: &apos;3.141.59&apos;, revision: &apos;e82be7d358&apos;, time: &apos;2018-11-14T08:17:03&apos;
System info: host: &apos;Amritas-MacBook-Pro.local&apos;, ip: &apos;fe80:0:0:0:1ccc:56e7:8eac:9eef%en0&apos;, os.name: &apos;Mac OS X&apos;, os.arch: &apos;x86_64&apos;, os.version: &apos;14.6.1&apos;, java.version: &apos;23.0.2&apos;
Driver info: org.openqa.selenium.chrome.ChromeDriver
Capabilities {acceptInsecureCerts: false, browserName: chrome, browserVersion: 136.0.7103.114, chrome: {chromedriverVersion: 136.0.7103.113 (76fa3c17824..., userDataDir: /var/folders/7j/slv5_ry920s...}, fedcm:accounts: true, goog:chromeOptions: {debuggerAddress: localhost:59971}, javascriptEnabled: true, networkConnectionEnabled: false, pageLoadStrategy: normal, platform: MAC, platformName: MAC, proxy: Proxy(), setWindowRect: true, strictFileInteractability: false, timeouts: {implicit: 0, pageLoad: 300000, script: 30000}, unhandledPromptBehavior: dismiss and notify, webauthn:extension:credBlob: true, webauthn:extension:largeBlob: true, webauthn:extension:minPinLength: true, webauthn:extension:prf: true, webauthn:virtualAuthenticators: true}
Session ID: 67ec26880284c24fd12a37d39b2af78b
*** Element info: {Using=xpath, value=//h1[@class=&apos;pageType&apos;]}
	at org.openqa.selenium.remote.http.W3CHttpResponseCodec.createException(W3CHttpResponseCodec.java:187)
	at org.openqa.selenium.remote.http.W3CHttpResponseCodec.decode(W3CHttpResponseCodec.java:122)
	at org.openqa.selenium.remote.http.W3CHttpResponseCodec.decode(W3CHttpResponseCodec.java:49)
	at org.openqa.selenium.remote.HttpCommandExecutor.execute(HttpCommandExecutor.java:158)
	at org.openqa.selenium.remote.service.DriverCommandExecutor.execute(DriverCommandExecutor.java:83)
	at org.openqa.selenium.remote.RemoteWebDriver.execute(RemoteWebDriver.java:552)
	at org.openqa.selenium.remote.RemoteWebDriver.findElement(RemoteWebDriver.java:323)
	at org.openqa.selenium.remote.RemoteWebDriver.findElementByXPath(RemoteWebDriver.java:428)
	at org.openqa.selenium.By$ByXPath.findElement(By.java:353)
	at org.openqa.selenium.remote.RemoteWebDriver.findElement(RemoteWebDriver.java:315)
	at org.openqa.selenium.support.pagefactory.DefaultElementLocator.findElement(DefaultElementLocator.java:69)
	at org.openqa.selenium.support.pagefactory.internal.LocatingElementHandler.invoke(LocatingElementHandler.java:38)
	at jdk.proxy2/jdk.proxy2.$Proxy9.getText(Unknown Source)
	at SalesForce.Pages.LeadsPage.Heading(LeadsPage.java:102)
	at SalesForce.Test.LeadsTest.leadsNewButton(LeadsTest.java:102)
... Removed 29 stack frames</div></td></tr></table><p class="totop"><a href="#summary">back to summary</a></p><h3 id="m4">SalesForce.Test.ContactsTest#ViewErrorMessage</h3><table class="result"></table><p class="totop"><a href="#summary">back to summary</a></p><h3 id="m5">SalesForce.Test.ContactsTest#cancelButtonViewPage</h3><table class="result"></table><p class="totop"><a href="#summary">back to summary</a></p><h3 id="m6">SalesForce.Test.ContactsTest#createNewViewContact</h3><table class="result"></table><p class="totop"><a href="#summary">back to summary</a></p><h3 id="m7">SalesForce.Test.ContactsTest#myContactlink</h3><table class="result"></table><p class="totop"><a href="#summary">back to summary</a></p><h3 id="m8">SalesForce.Test.ContactsTest#recentContactDisplay</h3><table class="result"></table><p class="totop"><a href="#summary">back to summary</a></p><h3 id="m9">SalesForce.Test.ContactsTest#saveAndNewClick</h3><table class="result"></table><p class="totop"><a href="#summary">back to summary</a></p><h3 id="m10">SalesForce.Test.ContactsTest#viewContactPage</h3><table class="result"></table><p class="totop"><a href="#summary">back to summary</a></p><h3 id="m11">SalesForce.Test.CreateAccountTest#newAccountView</h3><table class="result"></table><p class="totop"><a href="#summary">back to summary</a></p><h3 id="m12">SalesForce.Test.CreateOpyTest#opportunityDropDownList</h3><table class="result"></table><p class="totop"><a href="#summary">back to summary</a></p><h3 id="m13">SalesForce.Test.CreateOpyTest#pipelineReportValidation</h3><table class="result"></table><p class="totop"><a href="#summary">back to summary</a></p><h3 id="m14">SalesForce.Test.CreateOpyTest#quartlySummaryReportValidation</h3><table class="result"></table><p class="totop"><a href="#summary">back to summary</a></p><h3 id="m15">SalesForce.Test.CreateOpyTest#stuckReportValidation</h3><table class="result"></table><p class="totop"><a href="#summary">back to summary</a></p><h3 id="m16">SalesForce.Test.LeadsTest#clickOnLeadsHomePage</h3><table class="result"></table><p class="totop"><a href="#summary">back to summary</a></p><h3 id="m17">SalesForce.Test.LeadsTest#leadsDropDownOptions</h3><table class="result"></table><p class="totop"><a href="#summary">back to summary</a></p><h3 id="m18">SalesForce.Test.LeadsTest#leadsGoButton</h3><table class="result"></table><p class="totop"><a href="#summary">back to summary</a></p><h3 id="m19">SalesForce.Test.LeadsTest#leadsSelectedOptionVisible</h3><table class="result"></table><p class="totop"><a href="#summary">back to summary</a></p><h3 id="m20">SalesForce.Test.LoginTest#forgotPassword</h3><table class="result"></table><p class="totop"><a href="#summary">back to summary</a></p><h3 id="m21">SalesForce.Test.LoginTest#loginWithErrorMessage</h3><table class="result"></table><p class="totop"><a href="#summary">back to summary</a></p><h3 id="m22">SalesForce.Test.LoginTest#loginWithInvalidDetails</h3><table class="result"></table><p class="totop"><a href="#summary">back to summary</a></p><h3 id="m23">SalesForce.Test.LoginTest#loginWithValidDetails</h3><table class="result"></table><p class="totop"><a href="#summary">back to summary</a></p><h3 id="m24">SalesForce.Test.LoginTest#rememberMeLogin</h3><table class="result"></table><p class="totop"><a href="#summary">back to summary</a></p><h3 id="m25">SalesForce.Test.UserMenuTest#logoutSalesForce</h3><table class="result"></table><p class="totop"><a href="#summary">back to summary</a></p><h3 id="m26">SalesForce.Test.UserMenuTest#myConsoleDeveloperWindow</h3><table class="result"></table><p class="totop"><a href="#summary">back to summary</a></p><h3 id="m27">SalesForce.Test.UserMenuTest#mySettingOption</h3><table class="result"></table><p class="totop"><a href="#summary">back to summary</a></p><h3 id="m28">SalesForce.Test.UserMenuTest#userDropDownList</h3><table class="result"></table><p class="totop"><a href="#summary">back to summary</a></p></body></html>