<?xml version="1.0" encoding="UTF-8"?>
<testng-results total="29" passed="25" failed="4" skipped="0">
  <reporter-output>
  </reporter-output>
  <suite started-at="2025-05-29T19:21:21Z" name="Automation" finished-at="2025-05-29T19:24:37Z" duration-ms="196012">
    <groups>
    </groups>
    <test started-at="2025-05-29T19:21:21Z" name="Login" finished-at="2025-05-29T19:24:37Z" duration-ms="196012">
      <class name="SalesForce.Test.ContactsTest">
        <test-method is-config="true" signature="beforemethod()[pri:0, instance:SalesForce.Test.ContactsTest@60611244]" started-at="2025-05-29T15:23:36Z" name="beforemethod" finished-at="2025-05-29T15:23:38Z" duration-ms="1857" status="PASS">
          <reporter-output>
          </reporter-output>
        </test-method> <!-- beforemethod -->
        <test-method signature="ViewErrorMessage()[pri:0, instance:SalesForce.Test.ContactsTest@60611244]" started-at="2025-05-29T15:23:38Z" name="ViewErrorMessage" finished-at="2025-05-29T15:23:41Z" duration-ms="3440" status="PASS">
          <reporter-output>
          </reporter-output>
        </test-method> <!-- ViewErrorMessage -->
        <test-method is-config="true" signature="teardown()[pri:0, instance:SalesForce.Test.ContactsTest@60611244]" started-at="2025-05-29T15:23:41Z" name="teardown" finished-at="2025-05-29T15:23:42Z" duration-ms="482" status="PASS">
          <reporter-output>
          </reporter-output>
        </test-method> <!-- teardown -->
        <test-method is-config="true" signature="beforemethod()[pri:0, instance:SalesForce.Test.ContactsTest@60611244]" started-at="2025-05-29T15:23:42Z" name="beforemethod" finished-at="2025-05-29T15:23:44Z" duration-ms="1949" status="PASS">
          <reporter-output>
          </reporter-output>
        </test-method> <!-- beforemethod -->
        <test-method signature="cancelButtonViewPage()[pri:0, instance:SalesForce.Test.ContactsTest@60611244]" started-at="2025-05-29T15:23:44Z" name="cancelButtonViewPage" finished-at="2025-05-29T15:23:48Z" duration-ms="4371" status="PASS">
          <reporter-output>
          </reporter-output>
        </test-method> <!-- cancelButtonViewPage -->
        <test-method is-config="true" signature="teardown()[pri:0, instance:SalesForce.Test.ContactsTest@60611244]" started-at="2025-05-29T15:23:48Z" name="teardown" finished-at="2025-05-29T15:23:48Z" duration-ms="424" status="PASS">
          <reporter-output>
          </reporter-output>
        </test-method> <!-- teardown -->
        <test-method is-config="true" signature="beforemethod()[pri:0, instance:SalesForce.Test.ContactsTest@60611244]" started-at="2025-05-29T15:23:48Z" name="beforemethod" finished-at="2025-05-29T15:23:50Z" duration-ms="1850" status="PASS">
          <reporter-output>
          </reporter-output>
        </test-method> <!-- beforemethod -->
        <test-method signature="createNewContantsValidation()[pri:0, instance:SalesForce.Test.ContactsTest@60611244]" started-at="2025-05-29T15:23:50Z" name="createNewContantsValidation" finished-at="2025-05-29T15:24:05Z" duration-ms="15013" status="FAIL">
          <exception class="org.openqa.selenium.TimeoutException">
            <message>
              <![CDATA[Expected condition failed: waiting for visibility of Proxy element for: DefaultElementLocator 'By.xpath: //h1[@class='pageType']' (tried for 10 second(s) with 500 milliseconds interval)]]>
            </message>
            <full-stacktrace>
              <![CDATA[org.openqa.selenium.TimeoutException: Expected condition failed: waiting for visibility of Proxy element for: DefaultElementLocator 'By.xpath: //h1[@class='pageType']' (tried for 10 second(s) with 500 milliseconds interval)
	at org.openqa.selenium.support.ui.WebDriverWait.timeoutException(WebDriverWait.java:95)
	at org.openqa.selenium.support.ui.FluentWait.until(FluentWait.java:272)
	at SalesForce.Base.Basepage.mywait(Basepage.java:22)
	at SalesForce.Pages.ContactsPage.createNewContact(ContactsPage.java:89)
	at SalesForce.Test.ContactsTest.createNewContantsValidation(ContactsTest.java:42)
	at java.base/jdk.internal.reflect.DirectMethodHandleAccessor.invoke(DirectMethodHandleAccessor.java:103)
	at java.base/java.lang.reflect.Method.invoke(Method.java:580)
	at org.testng.internal.MethodInvocationHelper.invokeMethod(MethodInvocationHelper.java:85)
	at org.testng.internal.Invoker.invokeMethod(Invoker.java:639)
	at org.testng.internal.Invoker.invokeTestMethod(Invoker.java:816)
	at org.testng.internal.Invoker.invokeTestMethods(Invoker.java:1124)
	at org.testng.internal.TestMethodWorker.invokeTestMethods(TestMethodWorker.java:125)
	at org.testng.internal.TestMethodWorker.run(TestMethodWorker.java:108)
	at org.testng.TestRunner.privateRun(TestRunner.java:774)
	at org.testng.TestRunner.run(TestRunner.java:624)
	at org.testng.SuiteRunner.runTest(SuiteRunner.java:359)
	at org.testng.SuiteRunner.runSequentially(SuiteRunner.java:354)
	at org.testng.SuiteRunner.privateRun(SuiteRunner.java:312)
	at org.testng.SuiteRunner.run(SuiteRunner.java:261)
	at org.testng.SuiteRunnerWorker.runSuite(SuiteRunnerWorker.java:52)
	at org.testng.SuiteRunnerWorker.run(SuiteRunnerWorker.java:86)
	at org.testng.TestNG.runSuitesSequentially(TestNG.java:1215)
	at org.testng.TestNG.runSuitesLocally(TestNG.java:1140)
	at org.testng.TestNG.run(TestNG.java:1048)
	at org.apache.maven.surefire.testng.TestNGExecutor.run(TestNGExecutor.java:308)
	at org.apache.maven.surefire.testng.TestNGXmlTestSuite.execute(TestNGXmlTestSuite.java:71)
	at org.apache.maven.surefire.testng.TestNGProvider.invoke(TestNGProvider.java:113)
	at org.apache.maven.surefire.booter.ForkedBooter.runSuitesInProcess(ForkedBooter.java:385)
	at org.apache.maven.surefire.booter.ForkedBooter.execute(ForkedBooter.java:162)
	at org.apache.maven.surefire.booter.ForkedBooter.run(ForkedBooter.java:507)
	at org.apache.maven.surefire.booter.ForkedBooter.main(ForkedBooter.java:495)
Caused by: org.openqa.selenium.NoSuchElementException: no such element: Unable to locate element: {"method":"xpath","selector":"//h1[@class='pageType']"}
  (Session info: chrome=136.0.7103.114)
For documentation on this error, please visit: https://www.seleniumhq.org/exceptions/no_such_element.html
Build info: version: '3.141.59', revision: 'e82be7d358', time: '2018-11-14T08:17:03'
System info: host: 'Amritas-MacBook-Pro.local', ip: 'fe80:0:0:0:1ccc:56e7:8eac:9eef%en0', os.name: 'Mac OS X', os.arch: 'x86_64', os.version: '14.6.1', java.version: '23.0.2'
Driver info: org.openqa.selenium.chrome.ChromeDriver
Capabilities {acceptInsecureCerts: false, browserName: chrome, browserVersion: 136.0.7103.114, chrome: {chromedriverVersion: 136.0.7103.113 (76fa3c17824..., userDataDir: /var/folders/7j/slv5_ry920s...}, fedcm:accounts: true, goog:chromeOptions: {debuggerAddress: localhost:60441}, javascriptEnabled: true, networkConnectionEnabled: false, pageLoadStrategy: normal, platform: MAC, platformName: MAC, proxy: Proxy(), setWindowRect: true, strictFileInteractability: false, timeouts: {implicit: 0, pageLoad: 300000, script: 30000}, unhandledPromptBehavior: dismiss and notify, webauthn:extension:credBlob: true, webauthn:extension:largeBlob: true, webauthn:extension:minPinLength: true, webauthn:extension:prf: true, webauthn:virtualAuthenticators: true}
Session ID: 41611d2cde1cfd3c8e7235d655cfa9f7
*** Element info: {Using=xpath, value=//h1[@class='pageType']}
	at java.base/jdk.internal.reflect.DirectConstructorHandleAccessor.newInstance(DirectConstructorHandleAccessor.java:62)
	at java.base/java.lang.reflect.Constructor.newInstanceWithCaller(Constructor.java:501)
	at java.base/java.lang.reflect.Constructor.newInstance(Constructor.java:485)
	at org.openqa.selenium.remote.http.W3CHttpResponseCodec.createException(W3CHttpResponseCodec.java:187)
	at org.openqa.selenium.remote.http.W3CHttpResponseCodec.decode(W3CHttpResponseCodec.java:122)
	at org.openqa.selenium.remote.http.W3CHttpResponseCodec.decode(W3CHttpResponseCodec.java:49)
	at org.openqa.selenium.remote.HttpCommandExecutor.execute(HttpCommandExecutor.java:158)
	at org.openqa.selenium.remote.service.DriverCommandExecutor.execute(DriverCommandExecutor.java:83)
	at org.openqa.selenium.remote.RemoteWebDriver.execute(RemoteWebDriver.java:552)
	at org.openqa.selenium.remote.RemoteWebDriver.findElement(RemoteWebDriver.java:323)
	at org.openqa.selenium.remote.RemoteWebDriver.findElementByXPath(RemoteWebDriver.java:428)
	at org.openqa.selenium.By$ByXPath.findElement(By.java:353)
	at org.openqa.selenium.remote.RemoteWebDriver.findElement(RemoteWebDriver.java:315)
	at org.openqa.selenium.support.pagefactory.DefaultElementLocator.findElement(DefaultElementLocator.java:69)
	at org.openqa.selenium.support.pagefactory.internal.LocatingElementHandler.invoke(LocatingElementHandler.java:38)
	at jdk.proxy2/jdk.proxy2.$Proxy9.isDisplayed(Unknown Source)
	at org.openqa.selenium.support.ui.ExpectedConditions.elementIfVisible(ExpectedConditions.java:314)
	at org.openqa.selenium.support.ui.ExpectedConditions.access$000(ExpectedConditions.java:43)
	at org.openqa.selenium.support.ui.ExpectedConditions$10.apply(ExpectedConditions.java:300)
	at org.openqa.selenium.support.ui.ExpectedConditions$10.apply(ExpectedConditions.java:297)
	at org.openqa.selenium.support.ui.FluentWait.until(FluentWait.java:249)
	... 29 more
]]>
            </full-stacktrace>
          </exception> <!-- org.openqa.selenium.TimeoutException -->
          <reporter-output>
          </reporter-output>
        </test-method> <!-- createNewContantsValidation -->
        <test-method is-config="true" signature="teardown()[pri:0, instance:SalesForce.Test.ContactsTest@60611244]" started-at="2025-05-29T15:24:05Z" name="teardown" finished-at="2025-05-29T15:24:06Z" duration-ms="453" status="PASS">
          <reporter-output>
          </reporter-output>
        </test-method> <!-- teardown -->
        <test-method is-config="true" signature="beforemethod()[pri:0, instance:SalesForce.Test.ContactsTest@60611244]" started-at="2025-05-29T15:24:06Z" name="beforemethod" finished-at="2025-05-29T15:24:08Z" duration-ms="1819" status="PASS">
          <reporter-output>
          </reporter-output>
        </test-method> <!-- beforemethod -->
        <test-method signature="createNewViewContact()[pri:0, instance:SalesForce.Test.ContactsTest@60611244]" started-at="2025-05-29T15:24:08Z" name="createNewViewContact" finished-at="2025-05-29T15:24:13Z" duration-ms="5376" status="PASS">
          <reporter-output>
          </reporter-output>
        </test-method> <!-- createNewViewContact -->
        <test-method is-config="true" signature="teardown()[pri:0, instance:SalesForce.Test.ContactsTest@60611244]" started-at="2025-05-29T15:24:13Z" name="teardown" finished-at="2025-05-29T15:24:13Z" duration-ms="522" status="PASS">
          <reporter-output>
          </reporter-output>
        </test-method> <!-- teardown -->
        <test-method is-config="true" signature="beforemethod()[pri:0, instance:SalesForce.Test.ContactsTest@60611244]" started-at="2025-05-29T15:24:13Z" name="beforemethod" finished-at="2025-05-29T15:24:15Z" duration-ms="1872" status="PASS">
          <reporter-output>
          </reporter-output>
        </test-method> <!-- beforemethod -->
        <test-method signature="myContactlink()[pri:0, instance:SalesForce.Test.ContactsTest@60611244]" started-at="2025-05-29T15:24:15Z" name="myContactlink" finished-at="2025-05-29T15:24:19Z" duration-ms="3850" status="PASS">
          <reporter-output>
          </reporter-output>
        </test-method> <!-- myContactlink -->
        <test-method is-config="true" signature="teardown()[pri:0, instance:SalesForce.Test.ContactsTest@60611244]" started-at="2025-05-29T15:24:19Z" name="teardown" finished-at="2025-05-29T15:24:20Z" duration-ms="452" status="PASS">
          <reporter-output>
          </reporter-output>
        </test-method> <!-- teardown -->
        <test-method is-config="true" signature="beforemethod()[pri:0, instance:SalesForce.Test.ContactsTest@60611244]" started-at="2025-05-29T15:24:20Z" name="beforemethod" finished-at="2025-05-29T15:24:21Z" duration-ms="1825" status="PASS">
          <reporter-output>
          </reporter-output>
        </test-method> <!-- beforemethod -->
        <test-method signature="recentContactDisplay()[pri:0, instance:SalesForce.Test.ContactsTest@60611244]" started-at="2025-05-29T15:24:21Z" name="recentContactDisplay" finished-at="2025-05-29T15:24:24Z" duration-ms="2667" status="PASS">
          <reporter-output>
          </reporter-output>
        </test-method> <!-- recentContactDisplay -->
        <test-method is-config="true" signature="teardown()[pri:0, instance:SalesForce.Test.ContactsTest@60611244]" started-at="2025-05-29T15:24:24Z" name="teardown" finished-at="2025-05-29T15:24:24Z" duration-ms="401" status="PASS">
          <reporter-output>
          </reporter-output>
        </test-method> <!-- teardown -->
        <test-method is-config="true" signature="beforemethod()[pri:0, instance:SalesForce.Test.ContactsTest@60611244]" started-at="2025-05-29T15:24:24Z" name="beforemethod" finished-at="2025-05-29T15:24:26Z" duration-ms="1924" status="PASS">
          <reporter-output>
          </reporter-output>
        </test-method> <!-- beforemethod -->
        <test-method signature="saveAndNewClick()[pri:0, instance:SalesForce.Test.ContactsTest@60611244]" started-at="2025-05-29T15:24:26Z" name="saveAndNewClick" finished-at="2025-05-29T15:24:30Z" duration-ms="3666" status="PASS">
          <reporter-output>
          </reporter-output>
        </test-method> <!-- saveAndNewClick -->
        <test-method is-config="true" signature="teardown()[pri:0, instance:SalesForce.Test.ContactsTest@60611244]" started-at="2025-05-29T15:24:30Z" name="teardown" finished-at="2025-05-29T15:24:31Z" duration-ms="444" status="PASS">
          <reporter-output>
          </reporter-output>
        </test-method> <!-- teardown -->
        <test-method is-config="true" signature="beforemethod()[pri:0, instance:SalesForce.Test.ContactsTest@60611244]" started-at="2025-05-29T15:24:31Z" name="beforemethod" finished-at="2025-05-29T15:24:32Z" duration-ms="1820" status="PASS">
          <reporter-output>
          </reporter-output>
        </test-method> <!-- beforemethod -->
        <test-method signature="viewContactPage()[pri:0, instance:SalesForce.Test.ContactsTest@60611244]" started-at="2025-05-29T15:24:32Z" name="viewContactPage" finished-at="2025-05-29T15:24:36Z" duration-ms="3960" status="PASS">
          <reporter-output>
          </reporter-output>
        </test-method> <!-- viewContactPage -->
        <test-method is-config="true" signature="teardown()[pri:0, instance:SalesForce.Test.ContactsTest@60611244]" started-at="2025-05-29T15:24:36Z" name="teardown" finished-at="2025-05-29T15:24:37Z" duration-ms="412" status="PASS">
          <reporter-output>
          </reporter-output>
        </test-method> <!-- teardown -->
      </class> <!-- SalesForce.Test.ContactsTest -->
      <class name="SalesForce.Test.CreateOpyTest">
        <test-method is-config="true" signature="beforemethod()[pri:0, instance:SalesForce.Test.CreateOpyTest@327b636c]" started-at="2025-05-29T15:22:44Z" name="beforemethod" finished-at="2025-05-29T15:22:46Z" duration-ms="1782" status="PASS">
          <reporter-output>
          </reporter-output>
        </test-method> <!-- beforemethod -->
        <test-method signature="newOpportunityCreation()[pri:0, instance:SalesForce.Test.CreateOpyTest@327b636c]" started-at="2025-05-29T15:22:46Z" name="newOpportunityCreation" finished-at="2025-05-29T15:22:50Z" duration-ms="4380" status="FAIL">
          <exception class="org.openqa.selenium.NoSuchElementException">
            <message>
              <![CDATA[no such element: Unable to locate element: {"method":"xpath","selector":"//h1[@class='pageType']"}
  (Session info: chrome=136.0.7103.114)
For documentation on this error, please visit: https://www.seleniumhq.org/exceptions/no_such_element.html
Build info: version: '3.141.59', revision: 'e82be7d358', time: '2018-11-14T08:17:03'
System info: host: 'Amritas-MacBook-Pro.local', ip: 'fe80:0:0:0:1ccc:56e7:8eac:9eef%en0', os.name: 'Mac OS X', os.arch: 'x86_64', os.version: '14.6.1', java.version: '23.0.2'
Driver info: org.openqa.selenium.chrome.ChromeDriver
Capabilities {acceptInsecureCerts: false, browserName: chrome, browserVersion: 136.0.7103.114, chrome: {chromedriverVersion: 136.0.7103.113 (76fa3c17824..., userDataDir: /var/folders/7j/slv5_ry920s...}, fedcm:accounts: true, goog:chromeOptions: {debuggerAddress: localhost:60052}, javascriptEnabled: true, networkConnectionEnabled: false, pageLoadStrategy: normal, platform: MAC, platformName: MAC, proxy: Proxy(), setWindowRect: true, strictFileInteractability: false, timeouts: {implicit: 0, pageLoad: 300000, script: 30000}, unhandledPromptBehavior: dismiss and notify, webauthn:extension:credBlob: true, webauthn:extension:largeBlob: true, webauthn:extension:minPinLength: true, webauthn:extension:prf: true, webauthn:virtualAuthenticators: true}
Session ID: 189a073fd52a4f3948dbc1be71ddb128
*** Element info: {Using=xpath, value=//h1[@class='pageType']}]]>
            </message>
            <full-stacktrace>
              <![CDATA[org.openqa.selenium.NoSuchElementException: no such element: Unable to locate element: {"method":"xpath","selector":"//h1[@class='pageType']"}
  (Session info: chrome=136.0.7103.114)
For documentation on this error, please visit: https://www.seleniumhq.org/exceptions/no_such_element.html
Build info: version: '3.141.59', revision: 'e82be7d358', time: '2018-11-14T08:17:03'
System info: host: 'Amritas-MacBook-Pro.local', ip: 'fe80:0:0:0:1ccc:56e7:8eac:9eef%en0', os.name: 'Mac OS X', os.arch: 'x86_64', os.version: '14.6.1', java.version: '23.0.2'
Driver info: org.openqa.selenium.chrome.ChromeDriver
Capabilities {acceptInsecureCerts: false, browserName: chrome, browserVersion: 136.0.7103.114, chrome: {chromedriverVersion: 136.0.7103.113 (76fa3c17824..., userDataDir: /var/folders/7j/slv5_ry920s...}, fedcm:accounts: true, goog:chromeOptions: {debuggerAddress: localhost:60052}, javascriptEnabled: true, networkConnectionEnabled: false, pageLoadStrategy: normal, platform: MAC, platformName: MAC, proxy: Proxy(), setWindowRect: true, strictFileInteractability: false, timeouts: {implicit: 0, pageLoad: 300000, script: 30000}, unhandledPromptBehavior: dismiss and notify, webauthn:extension:credBlob: true, webauthn:extension:largeBlob: true, webauthn:extension:minPinLength: true, webauthn:extension:prf: true, webauthn:virtualAuthenticators: true}
Session ID: 189a073fd52a4f3948dbc1be71ddb128
*** Element info: {Using=xpath, value=//h1[@class='pageType']}
	at java.base/jdk.internal.reflect.DirectConstructorHandleAccessor.newInstance(DirectConstructorHandleAccessor.java:62)
	at java.base/java.lang.reflect.Constructor.newInstanceWithCaller(Constructor.java:501)
	at java.base/java.lang.reflect.Constructor.newInstance(Constructor.java:485)
	at org.openqa.selenium.remote.http.W3CHttpResponseCodec.createException(W3CHttpResponseCodec.java:187)
	at org.openqa.selenium.remote.http.W3CHttpResponseCodec.decode(W3CHttpResponseCodec.java:122)
	at org.openqa.selenium.remote.http.W3CHttpResponseCodec.decode(W3CHttpResponseCodec.java:49)
	at org.openqa.selenium.remote.HttpCommandExecutor.execute(HttpCommandExecutor.java:158)
	at org.openqa.selenium.remote.service.DriverCommandExecutor.execute(DriverCommandExecutor.java:83)
	at org.openqa.selenium.remote.RemoteWebDriver.execute(RemoteWebDriver.java:552)
	at org.openqa.selenium.remote.RemoteWebDriver.findElement(RemoteWebDriver.java:323)
	at org.openqa.selenium.remote.RemoteWebDriver.findElementByXPath(RemoteWebDriver.java:428)
	at org.openqa.selenium.By$ByXPath.findElement(By.java:353)
	at org.openqa.selenium.remote.RemoteWebDriver.findElement(RemoteWebDriver.java:315)
	at org.openqa.selenium.support.pagefactory.DefaultElementLocator.findElement(DefaultElementLocator.java:69)
	at org.openqa.selenium.support.pagefactory.internal.LocatingElementHandler.invoke(LocatingElementHandler.java:38)
	at jdk.proxy2/jdk.proxy2.$Proxy9.getText(Unknown Source)
	at SalesForce.Pages.CreateOpyPage.Heading(CreateOpyPage.java:106)
	at SalesForce.Test.CreateOpyTest.newOpportunityCreation(CreateOpyTest.java:61)
	at java.base/jdk.internal.reflect.DirectMethodHandleAccessor.invoke(DirectMethodHandleAccessor.java:103)
	at java.base/java.lang.reflect.Method.invoke(Method.java:580)
	at org.testng.internal.MethodInvocationHelper.invokeMethod(MethodInvocationHelper.java:85)
	at org.testng.internal.Invoker.invokeMethod(Invoker.java:639)
	at org.testng.internal.Invoker.invokeTestMethod(Invoker.java:816)
	at org.testng.internal.Invoker.invokeTestMethods(Invoker.java:1124)
	at org.testng.internal.TestMethodWorker.invokeTestMethods(TestMethodWorker.java:125)
	at org.testng.internal.TestMethodWorker.run(TestMethodWorker.java:108)
	at org.testng.TestRunner.privateRun(TestRunner.java:774)
	at org.testng.TestRunner.run(TestRunner.java:624)
	at org.testng.SuiteRunner.runTest(SuiteRunner.java:359)
	at org.testng.SuiteRunner.runSequentially(SuiteRunner.java:354)
	at org.testng.SuiteRunner.privateRun(SuiteRunner.java:312)
	at org.testng.SuiteRunner.run(SuiteRunner.java:261)
	at org.testng.SuiteRunnerWorker.runSuite(SuiteRunnerWorker.java:52)
	at org.testng.SuiteRunnerWorker.run(SuiteRunnerWorker.java:86)
	at org.testng.TestNG.runSuitesSequentially(TestNG.java:1215)
	at org.testng.TestNG.runSuitesLocally(TestNG.java:1140)
	at org.testng.TestNG.run(TestNG.java:1048)
	at org.apache.maven.surefire.testng.TestNGExecutor.run(TestNGExecutor.java:308)
	at org.apache.maven.surefire.testng.TestNGXmlTestSuite.execute(TestNGXmlTestSuite.java:71)
	at org.apache.maven.surefire.testng.TestNGProvider.invoke(TestNGProvider.java:113)
	at org.apache.maven.surefire.booter.ForkedBooter.runSuitesInProcess(ForkedBooter.java:385)
	at org.apache.maven.surefire.booter.ForkedBooter.execute(ForkedBooter.java:162)
	at org.apache.maven.surefire.booter.ForkedBooter.run(ForkedBooter.java:507)
	at org.apache.maven.surefire.booter.ForkedBooter.main(ForkedBooter.java:495)
]]>
            </full-stacktrace>
          </exception> <!-- org.openqa.selenium.NoSuchElementException -->
          <reporter-output>
          </reporter-output>
        </test-method> <!-- newOpportunityCreation -->
        <test-method is-config="true" signature="teardown()[pri:0, instance:SalesForce.Test.CreateOpyTest@327b636c]" started-at="2025-05-29T15:22:50Z" name="teardown" finished-at="2025-05-29T15:22:51Z" duration-ms="417" status="PASS">
          <reporter-output>
          </reporter-output>
        </test-method> <!-- teardown -->
        <test-method is-config="true" signature="beforemethod()[pri:0, instance:SalesForce.Test.CreateOpyTest@327b636c]" started-at="2025-05-29T15:22:51Z" name="beforemethod" finished-at="2025-05-29T15:22:53Z" duration-ms="1895" status="PASS">
          <reporter-output>
          </reporter-output>
        </test-method> <!-- beforemethod -->
        <test-method signature="opportunityDropDownList()[pri:0, instance:SalesForce.Test.CreateOpyTest@327b636c]" started-at="2025-05-29T15:22:53Z" name="opportunityDropDownList" finished-at="2025-05-29T15:22:56Z" duration-ms="3171" status="PASS">
          <reporter-output>
          </reporter-output>
        </test-method> <!-- opportunityDropDownList -->
        <test-method is-config="true" signature="teardown()[pri:0, instance:SalesForce.Test.CreateOpyTest@327b636c]" started-at="2025-05-29T15:22:56Z" name="teardown" finished-at="2025-05-29T15:22:56Z" duration-ms="497" status="PASS">
          <reporter-output>
          </reporter-output>
        </test-method> <!-- teardown -->
        <test-method is-config="true" signature="beforemethod()[pri:0, instance:SalesForce.Test.CreateOpyTest@327b636c]" started-at="2025-05-29T15:22:56Z" name="beforemethod" finished-at="2025-05-29T15:22:58Z" duration-ms="1851" status="PASS">
          <reporter-output>
          </reporter-output>
        </test-method> <!-- beforemethod -->
        <test-method signature="pipelineReportValidation()[pri:0, instance:SalesForce.Test.CreateOpyTest@327b636c]" started-at="2025-05-29T15:22:58Z" name="pipelineReportValidation" finished-at="2025-05-29T15:23:02Z" duration-ms="3841" status="PASS">
          <reporter-output>
          </reporter-output>
        </test-method> <!-- pipelineReportValidation -->
        <test-method is-config="true" signature="teardown()[pri:0, instance:SalesForce.Test.CreateOpyTest@327b636c]" started-at="2025-05-29T15:23:02Z" name="teardown" finished-at="2025-05-29T15:23:03Z" duration-ms="479" status="PASS">
          <reporter-output>
          </reporter-output>
        </test-method> <!-- teardown -->
        <test-method is-config="true" signature="beforemethod()[pri:0, instance:SalesForce.Test.CreateOpyTest@327b636c]" started-at="2025-05-29T15:23:03Z" name="beforemethod" finished-at="2025-05-29T15:23:09Z" duration-ms="6903" status="PASS">
          <reporter-output>
          </reporter-output>
        </test-method> <!-- beforemethod -->
        <test-method signature="quartlySummaryReportValidation()[pri:0, instance:SalesForce.Test.CreateOpyTest@327b636c]" started-at="2025-05-29T15:23:09Z" name="quartlySummaryReportValidation" finished-at="2025-05-29T15:23:14Z" duration-ms="4228" status="PASS">
          <reporter-output>
          </reporter-output>
        </test-method> <!-- quartlySummaryReportValidation -->
        <test-method is-config="true" signature="teardown()[pri:0, instance:SalesForce.Test.CreateOpyTest@327b636c]" started-at="2025-05-29T15:23:14Z" name="teardown" finished-at="2025-05-29T15:23:14Z" duration-ms="472" status="PASS">
          <reporter-output>
          </reporter-output>
        </test-method> <!-- teardown -->
        <test-method is-config="true" signature="beforemethod()[pri:0, instance:SalesForce.Test.CreateOpyTest@327b636c]" started-at="2025-05-29T15:23:14Z" name="beforemethod" finished-at="2025-05-29T15:23:16Z" duration-ms="1779" status="PASS">
          <reporter-output>
          </reporter-output>
        </test-method> <!-- beforemethod -->
        <test-method signature="stuckReportValidation()[pri:0, instance:SalesForce.Test.CreateOpyTest@327b636c]" started-at="2025-05-29T15:23:16Z" name="stuckReportValidation" finished-at="2025-05-29T15:23:20Z" duration-ms="4258" status="PASS">
          <reporter-output>
          </reporter-output>
        </test-method> <!-- stuckReportValidation -->
        <test-method is-config="true" signature="teardown()[pri:0, instance:SalesForce.Test.CreateOpyTest@327b636c]" started-at="2025-05-29T15:23:20Z" name="teardown" finished-at="2025-05-29T15:23:21Z" duration-ms="412" status="PASS">
          <reporter-output>
          </reporter-output>
        </test-method> <!-- teardown -->
      </class> <!-- SalesForce.Test.CreateOpyTest -->
      <class name="SalesForce.Test.CreateAccountTest">
        <test-method is-config="true" signature="beforemethod()[pri:0, instance:SalesForce.Test.CreateAccountTest@45dd4eda]" started-at="2025-05-29T15:23:21Z" name="beforemethod" finished-at="2025-05-29T15:23:23Z" duration-ms="1945" status="PASS">
          <reporter-output>
          </reporter-output>
        </test-method> <!-- beforemethod -->
        <test-method signature="newAccountCreate()[pri:0, instance:SalesForce.Test.CreateAccountTest@45dd4eda]" started-at="2025-05-29T15:23:23Z" name="newAccountCreate" finished-at="2025-05-29T15:23:27Z" duration-ms="4289" status="FAIL">
          <exception class="org.openqa.selenium.NoSuchElementException">
            <message>
              <![CDATA[no such element: Unable to locate element: {"method":"xpath","selector":"//h1[@class='pageType']"}
  (Session info: chrome=136.0.7103.114)
For documentation on this error, please visit: https://www.seleniumhq.org/exceptions/no_such_element.html
Build info: version: '3.141.59', revision: 'e82be7d358', time: '2018-11-14T08:17:03'
System info: host: 'Amritas-MacBook-Pro.local', ip: 'fe80:0:0:0:1ccc:56e7:8eac:9eef%en0', os.name: 'Mac OS X', os.arch: 'x86_64', os.version: '14.6.1', java.version: '23.0.2'
Driver info: org.openqa.selenium.chrome.ChromeDriver
Capabilities {acceptInsecureCerts: false, browserName: chrome, browserVersion: 136.0.7103.114, chrome: {chromedriverVersion: 136.0.7103.113 (76fa3c17824..., userDataDir: /var/folders/7j/slv5_ry920s...}, fedcm:accounts: true, goog:chromeOptions: {debuggerAddress: localhost:60264}, javascriptEnabled: true, networkConnectionEnabled: false, pageLoadStrategy: normal, platform: MAC, platformName: MAC, proxy: Proxy(), setWindowRect: true, strictFileInteractability: false, timeouts: {implicit: 0, pageLoad: 300000, script: 30000}, unhandledPromptBehavior: dismiss and notify, webauthn:extension:credBlob: true, webauthn:extension:largeBlob: true, webauthn:extension:minPinLength: true, webauthn:extension:prf: true, webauthn:virtualAuthenticators: true}
Session ID: d4896eba0e047512f25771f4b8fb94a4
*** Element info: {Using=xpath, value=//h1[@class='pageType']}]]>
            </message>
            <full-stacktrace>
              <![CDATA[org.openqa.selenium.NoSuchElementException: no such element: Unable to locate element: {"method":"xpath","selector":"//h1[@class='pageType']"}
  (Session info: chrome=136.0.7103.114)
For documentation on this error, please visit: https://www.seleniumhq.org/exceptions/no_such_element.html
Build info: version: '3.141.59', revision: 'e82be7d358', time: '2018-11-14T08:17:03'
System info: host: 'Amritas-MacBook-Pro.local', ip: 'fe80:0:0:0:1ccc:56e7:8eac:9eef%en0', os.name: 'Mac OS X', os.arch: 'x86_64', os.version: '14.6.1', java.version: '23.0.2'
Driver info: org.openqa.selenium.chrome.ChromeDriver
Capabilities {acceptInsecureCerts: false, browserName: chrome, browserVersion: 136.0.7103.114, chrome: {chromedriverVersion: 136.0.7103.113 (76fa3c17824..., userDataDir: /var/folders/7j/slv5_ry920s...}, fedcm:accounts: true, goog:chromeOptions: {debuggerAddress: localhost:60264}, javascriptEnabled: true, networkConnectionEnabled: false, pageLoadStrategy: normal, platform: MAC, platformName: MAC, proxy: Proxy(), setWindowRect: true, strictFileInteractability: false, timeouts: {implicit: 0, pageLoad: 300000, script: 30000}, unhandledPromptBehavior: dismiss and notify, webauthn:extension:credBlob: true, webauthn:extension:largeBlob: true, webauthn:extension:minPinLength: true, webauthn:extension:prf: true, webauthn:virtualAuthenticators: true}
Session ID: d4896eba0e047512f25771f4b8fb94a4
*** Element info: {Using=xpath, value=//h1[@class='pageType']}
	at java.base/jdk.internal.reflect.DirectConstructorHandleAccessor.newInstance(DirectConstructorHandleAccessor.java:62)
	at java.base/java.lang.reflect.Constructor.newInstanceWithCaller(Constructor.java:501)
	at java.base/java.lang.reflect.Constructor.newInstance(Constructor.java:485)
	at org.openqa.selenium.remote.http.W3CHttpResponseCodec.createException(W3CHttpResponseCodec.java:187)
	at org.openqa.selenium.remote.http.W3CHttpResponseCodec.decode(W3CHttpResponseCodec.java:122)
	at org.openqa.selenium.remote.http.W3CHttpResponseCodec.decode(W3CHttpResponseCodec.java:49)
	at org.openqa.selenium.remote.HttpCommandExecutor.execute(HttpCommandExecutor.java:158)
	at org.openqa.selenium.remote.service.DriverCommandExecutor.execute(DriverCommandExecutor.java:83)
	at org.openqa.selenium.remote.RemoteWebDriver.execute(RemoteWebDriver.java:552)
	at org.openqa.selenium.remote.RemoteWebDriver.findElement(RemoteWebDriver.java:323)
	at org.openqa.selenium.remote.RemoteWebDriver.findElementByXPath(RemoteWebDriver.java:428)
	at org.openqa.selenium.By$ByXPath.findElement(By.java:353)
	at org.openqa.selenium.remote.RemoteWebDriver.findElement(RemoteWebDriver.java:315)
	at org.openqa.selenium.support.pagefactory.DefaultElementLocator.findElement(DefaultElementLocator.java:69)
	at org.openqa.selenium.support.pagefactory.internal.LocatingElementHandler.invoke(LocatingElementHandler.java:38)
	at jdk.proxy2/jdk.proxy2.$Proxy9.isDisplayed(Unknown Source)
	at SalesForce.Pages.CreateAccountPage.newAccountValidation(CreateAccountPage.java:68)
	at SalesForce.Test.CreateAccountTest.newAccountCreate(CreateAccountTest.java:40)
	at java.base/jdk.internal.reflect.DirectMethodHandleAccessor.invoke(DirectMethodHandleAccessor.java:103)
	at java.base/java.lang.reflect.Method.invoke(Method.java:580)
	at org.testng.internal.MethodInvocationHelper.invokeMethod(MethodInvocationHelper.java:85)
	at org.testng.internal.Invoker.invokeMethod(Invoker.java:639)
	at org.testng.internal.Invoker.invokeTestMethod(Invoker.java:816)
	at org.testng.internal.Invoker.invokeTestMethods(Invoker.java:1124)
	at org.testng.internal.TestMethodWorker.invokeTestMethods(TestMethodWorker.java:125)
	at org.testng.internal.TestMethodWorker.run(TestMethodWorker.java:108)
	at org.testng.TestRunner.privateRun(TestRunner.java:774)
	at org.testng.TestRunner.run(TestRunner.java:624)
	at org.testng.SuiteRunner.runTest(SuiteRunner.java:359)
	at org.testng.SuiteRunner.runSequentially(SuiteRunner.java:354)
	at org.testng.SuiteRunner.privateRun(SuiteRunner.java:312)
	at org.testng.SuiteRunner.run(SuiteRunner.java:261)
	at org.testng.SuiteRunnerWorker.runSuite(SuiteRunnerWorker.java:52)
	at org.testng.SuiteRunnerWorker.run(SuiteRunnerWorker.java:86)
	at org.testng.TestNG.runSuitesSequentially(TestNG.java:1215)
	at org.testng.TestNG.runSuitesLocally(TestNG.java:1140)
	at org.testng.TestNG.run(TestNG.java:1048)
	at org.apache.maven.surefire.testng.TestNGExecutor.run(TestNGExecutor.java:308)
	at org.apache.maven.surefire.testng.TestNGXmlTestSuite.execute(TestNGXmlTestSuite.java:71)
	at org.apache.maven.surefire.testng.TestNGProvider.invoke(TestNGProvider.java:113)
	at org.apache.maven.surefire.booter.ForkedBooter.runSuitesInProcess(ForkedBooter.java:385)
	at org.apache.maven.surefire.booter.ForkedBooter.execute(ForkedBooter.java:162)
	at org.apache.maven.surefire.booter.ForkedBooter.run(ForkedBooter.java:507)
	at org.apache.maven.surefire.booter.ForkedBooter.main(ForkedBooter.java:495)
]]>
            </full-stacktrace>
          </exception> <!-- org.openqa.selenium.NoSuchElementException -->
          <reporter-output>
          </reporter-output>
        </test-method> <!-- newAccountCreate -->
        <test-method is-config="true" signature="teardown()[pri:0, instance:SalesForce.Test.CreateAccountTest@45dd4eda]" started-at="2025-05-29T15:23:27Z" name="teardown" finished-at="2025-05-29T15:23:27Z" duration-ms="408" status="PASS">
          <reporter-output>
          </reporter-output>
        </test-method> <!-- teardown -->
        <test-method is-config="true" signature="beforemethod()[pri:0, instance:SalesForce.Test.CreateAccountTest@45dd4eda]" started-at="2025-05-29T15:23:27Z" name="beforemethod" finished-at="2025-05-29T15:23:30Z" duration-ms="3120" status="PASS">
          <reporter-output>
          </reporter-output>
        </test-method> <!-- beforemethod -->
        <test-method signature="newAccountView()[pri:0, instance:SalesForce.Test.CreateAccountTest@45dd4eda]" started-at="2025-05-29T15:23:30Z" name="newAccountView" finished-at="2025-05-29T15:23:35Z" duration-ms="5074" status="PASS">
          <reporter-output>
          </reporter-output>
        </test-method> <!-- newAccountView -->
        <test-method is-config="true" signature="teardown()[pri:0, instance:SalesForce.Test.CreateAccountTest@45dd4eda]" started-at="2025-05-29T15:23:35Z" name="teardown" finished-at="2025-05-29T15:23:36Z" duration-ms="437" status="PASS">
          <reporter-output>
          </reporter-output>
        </test-method> <!-- teardown -->
      </class> <!-- SalesForce.Test.CreateAccountTest -->
      <class name="SalesForce.Test.UserMenuTest">
        <test-method is-config="true" signature="beforemethod()[pri:0, instance:SalesForce.Test.UserMenuTest@15761df8]" started-at="2025-05-29T15:21:44Z" name="beforemethod" finished-at="2025-05-29T15:21:46Z" duration-ms="1877" status="PASS">
          <reporter-output>
          </reporter-output>
        </test-method> <!-- beforemethod -->
        <test-method signature="userDropDownList()[pri:1, instance:SalesForce.Test.UserMenuTest@15761df8]" started-at="2025-05-29T15:21:46Z" name="userDropDownList" finished-at="2025-05-29T15:21:48Z" duration-ms="2510" status="PASS">
          <reporter-output>
          </reporter-output>
        </test-method> <!-- userDropDownList -->
        <test-method is-config="true" signature="teardown()[pri:0, instance:SalesForce.Test.UserMenuTest@15761df8]" started-at="2025-05-29T15:21:48Z" name="teardown" finished-at="2025-05-29T15:21:49Z" duration-ms="476" status="PASS">
          <reporter-output>
          </reporter-output>
        </test-method> <!-- teardown -->
        <test-method is-config="true" signature="beforemethod()[pri:0, instance:SalesForce.Test.UserMenuTest@15761df8]" started-at="2025-05-29T15:21:49Z" name="beforemethod" finished-at="2025-05-29T15:21:51Z" duration-ms="1990" status="PASS">
          <reporter-output>
          </reporter-output>
        </test-method> <!-- beforemethod -->
        <test-method signature="mySettingOption()[pri:2, instance:SalesForce.Test.UserMenuTest@15761df8]" started-at="2025-05-29T15:21:51Z" name="mySettingOption" finished-at="2025-05-29T15:21:59Z" duration-ms="8143" status="PASS">
          <reporter-output>
          </reporter-output>
        </test-method> <!-- mySettingOption -->
        <test-method is-config="true" signature="teardown()[pri:0, instance:SalesForce.Test.UserMenuTest@15761df8]" started-at="2025-05-29T15:21:59Z" name="teardown" finished-at="2025-05-29T15:21:59Z" duration-ms="374" status="PASS">
          <reporter-output>
          </reporter-output>
        </test-method> <!-- teardown -->
        <test-method is-config="true" signature="beforemethod()[pri:0, instance:SalesForce.Test.UserMenuTest@15761df8]" started-at="2025-05-29T15:21:59Z" name="beforemethod" finished-at="2025-05-29T15:22:01Z" duration-ms="1899" status="PASS">
          <reporter-output>
          </reporter-output>
        </test-method> <!-- beforemethod -->
        <test-method signature="myConsoleDeveloperWindow()[pri:3, instance:SalesForce.Test.UserMenuTest@15761df8]" started-at="2025-05-29T15:22:01Z" name="myConsoleDeveloperWindow" finished-at="2025-05-29T15:22:04Z" duration-ms="3127" status="PASS">
          <reporter-output>
          </reporter-output>
        </test-method> <!-- myConsoleDeveloperWindow -->
        <test-method is-config="true" signature="teardown()[pri:0, instance:SalesForce.Test.UserMenuTest@15761df8]" started-at="2025-05-29T15:22:04Z" name="teardown" finished-at="2025-05-29T15:22:05Z" duration-ms="492" status="PASS">
          <reporter-output>
          </reporter-output>
        </test-method> <!-- teardown -->
        <test-method is-config="true" signature="beforemethod()[pri:0, instance:SalesForce.Test.UserMenuTest@15761df8]" started-at="2025-05-29T15:22:05Z" name="beforemethod" finished-at="2025-05-29T15:22:07Z" duration-ms="2033" status="PASS">
          <reporter-output>
          </reporter-output>
        </test-method> <!-- beforemethod -->
        <test-method signature="logoutSalesForce()[pri:4, instance:SalesForce.Test.UserMenuTest@15761df8]" started-at="2025-05-29T15:22:07Z" name="logoutSalesForce" finished-at="2025-05-29T15:22:10Z" duration-ms="3597" status="PASS">
          <reporter-output>
          </reporter-output>
        </test-method> <!-- logoutSalesForce -->
        <test-method is-config="true" signature="teardown()[pri:0, instance:SalesForce.Test.UserMenuTest@15761df8]" started-at="2025-05-29T15:22:10Z" name="teardown" finished-at="2025-05-29T15:22:11Z" duration-ms="397" status="PASS">
          <reporter-output>
          </reporter-output>
        </test-method> <!-- teardown -->
      </class> <!-- SalesForce.Test.UserMenuTest -->
      <class name="SalesForce.Test.LoginTest">
        <test-method is-config="true" signature="beforemethod()[pri:0, instance:SalesForce.Test.LoginTest@7c417213]" started-at="2025-05-29T15:21:21Z" name="beforemethod" finished-at="2025-05-29T15:21:24Z" duration-ms="3637" status="PASS">
          <reporter-output>
          </reporter-output>
        </test-method> <!-- beforemethod -->
        <test-method signature="loginWithErrorMessage()[pri:1, instance:SalesForce.Test.LoginTest@7c417213]" started-at="2025-05-29T15:21:24Z" name="loginWithErrorMessage" finished-at="2025-05-29T15:21:25Z" duration-ms="843" status="PASS">
          <reporter-output>
          </reporter-output>
        </test-method> <!-- loginWithErrorMessage -->
        <test-method is-config="true" signature="teardown()[pri:0, instance:SalesForce.Test.LoginTest@7c417213]" started-at="2025-05-29T15:21:25Z" name="teardown" finished-at="2025-05-29T15:21:26Z" duration-ms="662" status="PASS">
          <reporter-output>
          </reporter-output>
        </test-method> <!-- teardown -->
        <test-method is-config="true" signature="beforemethod()[pri:0, instance:SalesForce.Test.LoginTest@7c417213]" started-at="2025-05-29T15:21:26Z" name="beforemethod" finished-at="2025-05-29T15:21:28Z" duration-ms="2127" status="PASS">
          <reporter-output>
          </reporter-output>
        </test-method> <!-- beforemethod -->
        <test-method signature="loginWithValidDetails()[pri:2, instance:SalesForce.Test.LoginTest@7c417213]" started-at="2025-05-29T15:21:28Z" name="loginWithValidDetails" finished-at="2025-05-29T15:21:30Z" duration-ms="2487" status="PASS">
          <reporter-output>
          </reporter-output>
        </test-method> <!-- loginWithValidDetails -->
        <test-method is-config="true" signature="teardown()[pri:0, instance:SalesForce.Test.LoginTest@7c417213]" started-at="2025-05-29T15:21:30Z" name="teardown" finished-at="2025-05-29T15:21:31Z" duration-ms="685" status="PASS">
          <reporter-output>
          </reporter-output>
        </test-method> <!-- teardown -->
        <test-method is-config="true" signature="beforemethod()[pri:0, instance:SalesForce.Test.LoginTest@7c417213]" started-at="2025-05-29T15:21:31Z" name="beforemethod" finished-at="2025-05-29T15:21:33Z" duration-ms="1965" status="PASS">
          <reporter-output>
          </reporter-output>
        </test-method> <!-- beforemethod -->
        <test-method signature="rememberMeLogin()[pri:3, instance:SalesForce.Test.LoginTest@7c417213]" started-at="2025-05-29T15:21:33Z" name="rememberMeLogin" finished-at="2025-05-29T15:21:37Z" duration-ms="3721" status="PASS">
          <reporter-output>
          </reporter-output>
        </test-method> <!-- rememberMeLogin -->
        <test-method is-config="true" signature="teardown()[pri:0, instance:SalesForce.Test.LoginTest@7c417213]" started-at="2025-05-29T15:21:37Z" name="teardown" finished-at="2025-05-29T15:21:37Z" duration-ms="528" status="PASS">
          <reporter-output>
          </reporter-output>
        </test-method> <!-- teardown -->
        <test-method is-config="true" signature="beforemethod()[pri:0, instance:SalesForce.Test.LoginTest@7c417213]" started-at="2025-05-29T15:21:37Z" name="beforemethod" finished-at="2025-05-29T15:21:39Z" duration-ms="2027" status="PASS">
          <reporter-output>
          </reporter-output>
        </test-method> <!-- beforemethod -->
        <test-method signature="forgotPassword()[pri:4, instance:SalesForce.Test.LoginTest@7c417213]" started-at="2025-05-29T15:21:39Z" name="forgotPassword" finished-at="2025-05-29T15:21:40Z" duration-ms="958" status="PASS">
          <reporter-output>
          </reporter-output>
        </test-method> <!-- forgotPassword -->
        <test-method is-config="true" signature="teardown()[pri:0, instance:SalesForce.Test.LoginTest@7c417213]" started-at="2025-05-29T15:21:40Z" name="teardown" finished-at="2025-05-29T15:21:41Z" duration-ms="382" status="PASS">
          <reporter-output>
          </reporter-output>
        </test-method> <!-- teardown -->
        <test-method is-config="true" signature="beforemethod()[pri:0, instance:SalesForce.Test.LoginTest@7c417213]" started-at="2025-05-29T15:21:41Z" name="beforemethod" finished-at="2025-05-29T15:21:43Z" duration-ms="2010" status="PASS">
          <reporter-output>
          </reporter-output>
        </test-method> <!-- beforemethod -->
        <test-method signature="loginWithInvalidDetails()[pri:5, instance:SalesForce.Test.LoginTest@7c417213]" started-at="2025-05-29T15:21:43Z" name="loginWithInvalidDetails" finished-at="2025-05-29T15:21:43Z" duration-ms="597" status="PASS">
          <reporter-output>
          </reporter-output>
        </test-method> <!-- loginWithInvalidDetails -->
        <test-method is-config="true" signature="teardown()[pri:0, instance:SalesForce.Test.LoginTest@7c417213]" started-at="2025-05-29T15:21:43Z" name="teardown" finished-at="2025-05-29T15:21:44Z" duration-ms="375" status="PASS">
          <reporter-output>
          </reporter-output>
        </test-method> <!-- teardown -->
      </class> <!-- SalesForce.Test.LoginTest -->
      <class name="SalesForce.Test.LeadsTest">
        <test-method is-config="true" signature="beforemethod()[pri:0, instance:SalesForce.Test.LeadsTest@6ab7a896]" started-at="2025-05-29T15:22:11Z" name="beforemethod" finished-at="2025-05-29T15:22:13Z" duration-ms="1907" status="PASS">
          <reporter-output>
          </reporter-output>
        </test-method> <!-- beforemethod -->
        <test-method signature="clickOnLeadsHomePage()[pri:0, instance:SalesForce.Test.LeadsTest@6ab7a896]" started-at="2025-05-29T15:22:13Z" name="clickOnLeadsHomePage" finished-at="2025-05-29T15:22:16Z" duration-ms="3112" status="PASS">
          <reporter-output>
          </reporter-output>
        </test-method> <!-- clickOnLeadsHomePage -->
        <test-method is-config="true" signature="teardown()[pri:0, instance:SalesForce.Test.LeadsTest@6ab7a896]" started-at="2025-05-29T15:22:16Z" name="teardown" finished-at="2025-05-29T15:22:16Z" duration-ms="446" status="PASS">
          <reporter-output>
          </reporter-output>
        </test-method> <!-- teardown -->
        <test-method is-config="true" signature="beforemethod()[pri:0, instance:SalesForce.Test.LeadsTest@6ab7a896]" started-at="2025-05-29T15:22:16Z" name="beforemethod" finished-at="2025-05-29T15:22:18Z" duration-ms="1986" status="PASS">
          <reporter-output>
          </reporter-output>
        </test-method> <!-- beforemethod -->
        <test-method signature="leadsDropDownOptions()[pri:0, instance:SalesForce.Test.LeadsTest@6ab7a896]" started-at="2025-05-29T15:22:18Z" name="leadsDropDownOptions" finished-at="2025-05-29T15:22:21Z" duration-ms="3115" status="PASS">
          <reporter-output>
          </reporter-output>
        </test-method> <!-- leadsDropDownOptions -->
        <test-method is-config="true" signature="teardown()[pri:0, instance:SalesForce.Test.LeadsTest@6ab7a896]" started-at="2025-05-29T15:22:21Z" name="teardown" finished-at="2025-05-29T15:22:22Z" duration-ms="538" status="PASS">
          <reporter-output>
          </reporter-output>
        </test-method> <!-- teardown -->
        <test-method is-config="true" signature="beforemethod()[pri:0, instance:SalesForce.Test.LeadsTest@6ab7a896]" started-at="2025-05-29T15:22:22Z" name="beforemethod" finished-at="2025-05-29T15:22:24Z" duration-ms="1999" status="PASS">
          <reporter-output>
          </reporter-output>
        </test-method> <!-- beforemethod -->
        <test-method signature="leadsGoButton()[pri:0, instance:SalesForce.Test.LeadsTest@6ab7a896]" started-at="2025-05-29T15:22:24Z" name="leadsGoButton" finished-at="2025-05-29T15:22:31Z" duration-ms="7274" status="PASS">
          <reporter-output>
          </reporter-output>
        </test-method> <!-- leadsGoButton -->
        <test-method is-config="true" signature="teardown()[pri:0, instance:SalesForce.Test.LeadsTest@6ab7a896]" started-at="2025-05-29T15:22:31Z" name="teardown" finished-at="2025-05-29T15:22:32Z" duration-ms="532" status="PASS">
          <reporter-output>
          </reporter-output>
        </test-method> <!-- teardown -->
        <test-method is-config="true" signature="beforemethod()[pri:0, instance:SalesForce.Test.LeadsTest@6ab7a896]" started-at="2025-05-29T15:22:32Z" name="beforemethod" finished-at="2025-05-29T15:22:33Z" duration-ms="1847" status="PASS">
          <reporter-output>
          </reporter-output>
        </test-method> <!-- beforemethod -->
        <test-method signature="leadsNewButton()[pri:0, instance:SalesForce.Test.LeadsTest@6ab7a896]" started-at="2025-05-29T15:22:33Z" name="leadsNewButton" finished-at="2025-05-29T15:22:38Z" duration-ms="4767" status="FAIL">
          <exception class="org.openqa.selenium.NoSuchElementException">
            <message>
              <![CDATA[no such element: Unable to locate element: {"method":"xpath","selector":"//h1[@class='pageType']"}
  (Session info: chrome=136.0.7103.114)
For documentation on this error, please visit: https://www.seleniumhq.org/exceptions/no_such_element.html
Build info: version: '3.141.59', revision: 'e82be7d358', time: '2018-11-14T08:17:03'
System info: host: 'Amritas-MacBook-Pro.local', ip: 'fe80:0:0:0:1ccc:56e7:8eac:9eef%en0', os.name: 'Mac OS X', os.arch: 'x86_64', os.version: '14.6.1', java.version: '23.0.2'
Driver info: org.openqa.selenium.chrome.ChromeDriver
Capabilities {acceptInsecureCerts: false, browserName: chrome, browserVersion: 136.0.7103.114, chrome: {chromedriverVersion: 136.0.7103.113 (76fa3c17824..., userDataDir: /var/folders/7j/slv5_ry920s...}, fedcm:accounts: true, goog:chromeOptions: {debuggerAddress: localhost:59971}, javascriptEnabled: true, networkConnectionEnabled: false, pageLoadStrategy: normal, platform: MAC, platformName: MAC, proxy: Proxy(), setWindowRect: true, strictFileInteractability: false, timeouts: {implicit: 0, pageLoad: 300000, script: 30000}, unhandledPromptBehavior: dismiss and notify, webauthn:extension:credBlob: true, webauthn:extension:largeBlob: true, webauthn:extension:minPinLength: true, webauthn:extension:prf: true, webauthn:virtualAuthenticators: true}
Session ID: 67ec26880284c24fd12a37d39b2af78b
*** Element info: {Using=xpath, value=//h1[@class='pageType']}]]>
            </message>
            <full-stacktrace>
              <![CDATA[org.openqa.selenium.NoSuchElementException: no such element: Unable to locate element: {"method":"xpath","selector":"//h1[@class='pageType']"}
  (Session info: chrome=136.0.7103.114)
For documentation on this error, please visit: https://www.seleniumhq.org/exceptions/no_such_element.html
Build info: version: '3.141.59', revision: 'e82be7d358', time: '2018-11-14T08:17:03'
System info: host: 'Amritas-MacBook-Pro.local', ip: 'fe80:0:0:0:1ccc:56e7:8eac:9eef%en0', os.name: 'Mac OS X', os.arch: 'x86_64', os.version: '14.6.1', java.version: '23.0.2'
Driver info: org.openqa.selenium.chrome.ChromeDriver
Capabilities {acceptInsecureCerts: false, browserName: chrome, browserVersion: 136.0.7103.114, chrome: {chromedriverVersion: 136.0.7103.113 (76fa3c17824..., userDataDir: /var/folders/7j/slv5_ry920s...}, fedcm:accounts: true, goog:chromeOptions: {debuggerAddress: localhost:59971}, javascriptEnabled: true, networkConnectionEnabled: false, pageLoadStrategy: normal, platform: MAC, platformName: MAC, proxy: Proxy(), setWindowRect: true, strictFileInteractability: false, timeouts: {implicit: 0, pageLoad: 300000, script: 30000}, unhandledPromptBehavior: dismiss and notify, webauthn:extension:credBlob: true, webauthn:extension:largeBlob: true, webauthn:extension:minPinLength: true, webauthn:extension:prf: true, webauthn:virtualAuthenticators: true}
Session ID: 67ec26880284c24fd12a37d39b2af78b
*** Element info: {Using=xpath, value=//h1[@class='pageType']}
	at java.base/jdk.internal.reflect.DirectConstructorHandleAccessor.newInstance(DirectConstructorHandleAccessor.java:62)
	at java.base/java.lang.reflect.Constructor.newInstanceWithCaller(Constructor.java:501)
	at java.base/java.lang.reflect.Constructor.newInstance(Constructor.java:485)
	at org.openqa.selenium.remote.http.W3CHttpResponseCodec.createException(W3CHttpResponseCodec.java:187)
	at org.openqa.selenium.remote.http.W3CHttpResponseCodec.decode(W3CHttpResponseCodec.java:122)
	at org.openqa.selenium.remote.http.W3CHttpResponseCodec.decode(W3CHttpResponseCodec.java:49)
	at org.openqa.selenium.remote.HttpCommandExecutor.execute(HttpCommandExecutor.java:158)
	at org.openqa.selenium.remote.service.DriverCommandExecutor.execute(DriverCommandExecutor.java:83)
	at org.openqa.selenium.remote.RemoteWebDriver.execute(RemoteWebDriver.java:552)
	at org.openqa.selenium.remote.RemoteWebDriver.findElement(RemoteWebDriver.java:323)
	at org.openqa.selenium.remote.RemoteWebDriver.findElementByXPath(RemoteWebDriver.java:428)
	at org.openqa.selenium.By$ByXPath.findElement(By.java:353)
	at org.openqa.selenium.remote.RemoteWebDriver.findElement(RemoteWebDriver.java:315)
	at org.openqa.selenium.support.pagefactory.DefaultElementLocator.findElement(DefaultElementLocator.java:69)
	at org.openqa.selenium.support.pagefactory.internal.LocatingElementHandler.invoke(LocatingElementHandler.java:38)
	at jdk.proxy2/jdk.proxy2.$Proxy9.getText(Unknown Source)
	at SalesForce.Pages.LeadsPage.Heading(LeadsPage.java:102)
	at SalesForce.Test.LeadsTest.leadsNewButton(LeadsTest.java:102)
	at java.base/jdk.internal.reflect.DirectMethodHandleAccessor.invoke(DirectMethodHandleAccessor.java:103)
	at java.base/java.lang.reflect.Method.invoke(Method.java:580)
	at org.testng.internal.MethodInvocationHelper.invokeMethod(MethodInvocationHelper.java:85)
	at org.testng.internal.Invoker.invokeMethod(Invoker.java:639)
	at org.testng.internal.Invoker.invokeTestMethod(Invoker.java:816)
	at org.testng.internal.Invoker.invokeTestMethods(Invoker.java:1124)
	at org.testng.internal.TestMethodWorker.invokeTestMethods(TestMethodWorker.java:125)
	at org.testng.internal.TestMethodWorker.run(TestMethodWorker.java:108)
	at org.testng.TestRunner.privateRun(TestRunner.java:774)
	at org.testng.TestRunner.run(TestRunner.java:624)
	at org.testng.SuiteRunner.runTest(SuiteRunner.java:359)
	at org.testng.SuiteRunner.runSequentially(SuiteRunner.java:354)
	at org.testng.SuiteRunner.privateRun(SuiteRunner.java:312)
	at org.testng.SuiteRunner.run(SuiteRunner.java:261)
	at org.testng.SuiteRunnerWorker.runSuite(SuiteRunnerWorker.java:52)
	at org.testng.SuiteRunnerWorker.run(SuiteRunnerWorker.java:86)
	at org.testng.TestNG.runSuitesSequentially(TestNG.java:1215)
	at org.testng.TestNG.runSuitesLocally(TestNG.java:1140)
	at org.testng.TestNG.run(TestNG.java:1048)
	at org.apache.maven.surefire.testng.TestNGExecutor.run(TestNGExecutor.java:308)
	at org.apache.maven.surefire.testng.TestNGXmlTestSuite.execute(TestNGXmlTestSuite.java:71)
	at org.apache.maven.surefire.testng.TestNGProvider.invoke(TestNGProvider.java:113)
	at org.apache.maven.surefire.booter.ForkedBooter.runSuitesInProcess(ForkedBooter.java:385)
	at org.apache.maven.surefire.booter.ForkedBooter.execute(ForkedBooter.java:162)
	at org.apache.maven.surefire.booter.ForkedBooter.run(ForkedBooter.java:507)
	at org.apache.maven.surefire.booter.ForkedBooter.main(ForkedBooter.java:495)
]]>
            </full-stacktrace>
          </exception> <!-- org.openqa.selenium.NoSuchElementException -->
          <reporter-output>
          </reporter-output>
        </test-method> <!-- leadsNewButton -->
        <test-method is-config="true" signature="teardown()[pri:0, instance:SalesForce.Test.LeadsTest@6ab7a896]" started-at="2025-05-29T15:22:38Z" name="teardown" finished-at="2025-05-29T15:22:39Z" duration-ms="411" status="PASS">
          <reporter-output>
          </reporter-output>
        </test-method> <!-- teardown -->
        <test-method is-config="true" signature="beforemethod()[pri:0, instance:SalesForce.Test.LeadsTest@6ab7a896]" started-at="2025-05-29T15:22:39Z" name="beforemethod" finished-at="2025-05-29T15:22:40Z" duration-ms="1858" status="PASS">
          <reporter-output>
          </reporter-output>
        </test-method> <!-- beforemethod -->
        <test-method signature="leadsSelectedOptionVisible()[pri:0, instance:SalesForce.Test.LeadsTest@6ab7a896]" started-at="2025-05-29T15:22:40Z" name="leadsSelectedOptionVisible" finished-at="2025-05-29T15:22:44Z" duration-ms="3363" status="PASS">
          <reporter-output>
          </reporter-output>
        </test-method> <!-- leadsSelectedOptionVisible -->
        <test-method is-config="true" signature="teardown()[pri:0, instance:SalesForce.Test.LeadsTest@6ab7a896]" started-at="2025-05-29T15:22:44Z" name="teardown" finished-at="2025-05-29T15:22:44Z" duration-ms="418" status="PASS">
          <reporter-output>
          </reporter-output>
        </test-method> <!-- teardown -->
      </class> <!-- SalesForce.Test.LeadsTest -->
    </test> <!-- Login -->
  </suite> <!-- Automation -->
</testng-results>
